
>>>>>>>>>>>>>>>>>>>>>>>>>>>>>>>>>>>>>>>>>>>>>>>>>>>>>>>>>>>>>>>>>>>>>>

      ANSWER KEY 

ID:             DEV-MUC3-0006
INCIDENT:       ATTACK
WEAPON:         ARTILLERY FIRE
                EXPLOSIONS
PERP_INDIV:     -
PERP_ORG:       -
TARGET:         ELECTRIC TOWERS
                REBEL POSITIONS
VICTIM:         -

      SYSTEM OUTPUT 

ID:             DEV-MUC3-0006
INCIDENT:       ATTACK
WEAPON:         ARTILLERY FIRE
                EXPLOSIONS
PERP_INDIV:     -
PERP_ORG:       -
TARGET:         ELECTRIC TOWERS
                REBEL POSITIONS
VICTIM:         -

     SCORES for DEV-MUC3-0006

                RECALL             PRECISION          F-MEASURE
Incident        1.00 (1/1)	   1.00 (1/1)         1.00
Weapons         1.00 (2/2)	   1.00 (2/2)         1.00
Perp_Ind        0.00 (0/0)	   0.00 (0/0)         0.00
Perp_Org        0.00 (0/0)	   0.00 (0/0)         0.00
Targets         1.00 (2/2)	   1.00 (2/2)         1.00
Victims         0.00 (0/0)	   0.00 (0/0)         0.00
--------        --------------     --------------     ----
TOTAL           1.00 (5/5)	   1.00 (5/5)         1.00

>>>>>>>>>>>>>>>>>>>>>>>>>>>>>>>>>>>>>>>>>>>>>>>>>>>>>>>>>>>>>>>>>>>>>>

      ANSWER KEY 

ID:             DEV-MUC3-0012
INCIDENT:       BOMBING
WEAPON:         -
PERP_INDIV:     -
PERP_ORG:       -
TARGET:         -
VICTIM:         ENRIQUE LOPEZ ALBUJAR

      SYSTEM OUTPUT 

ID:             DEV-MUC3-0012
INCIDENT:       BOMBING
WEAPON:         -
PERP_INDIV:     -
PERP_ORG:       -
TARGET:         -
VICTIM:         ENRIQUE LOPEZ ALBUJAR

     SCORES for DEV-MUC3-0012

                RECALL             PRECISION          F-MEASURE
Incident        1.00 (1/1)	   1.00 (1/1)         1.00
Weapons         0.00 (0/0)	   0.00 (0/0)         0.00
Perp_Ind        0.00 (0/0)	   0.00 (0/0)         0.00
Perp_Org        0.00 (0/0)	   0.00 (0/0)         0.00
Targets         0.00 (0/0)	   0.00 (0/0)         0.00
Victims         1.00 (1/1)	   1.00 (1/1)         1.00
--------        --------------     --------------     ----
TOTAL           1.00 (2/2)	   1.00 (2/2)         1.00

>>>>>>>>>>>>>>>>>>>>>>>>>>>>>>>>>>>>>>>>>>>>>>>>>>>>>>>>>>>>>>>>>>>>>>

      ANSWER KEY 

ID:             DEV-MUC3-0014
INCIDENT:       ATTACK
WEAPON:         MACHINE-GUN
PERP_INDIV:     MULTIPLE CRIME
PERP_ORG:       -
TARGET:         -
VICTIM:         CLERGYMEN

      SYSTEM OUTPUT 

ID:             DEV-MUC3-0014
INCIDENT:       ATTACK
WEAPON:         MACHINE-GUN
PERP_INDIV:     MULTIPLE CRIME
PERP_ORG:       -
TARGET:         -
VICTIM:         CLERGYMEN

     SCORES for DEV-MUC3-0014

                RECALL             PRECISION          F-MEASURE
Incident        1.00 (1/1)	   1.00 (1/1)         1.00
Weapons         1.00 (1/1)	   1.00 (1/1)         1.00
Perp_Ind        1.00 (1/1)	   1.00 (1/1)         1.00
Perp_Org        0.00 (0/0)	   0.00 (0/0)         0.00
Targets         0.00 (0/0)	   0.00 (0/0)         0.00
Victims         1.00 (1/1)	   1.00 (1/1)         1.00
--------        --------------     --------------     ----
TOTAL           1.00 (4/4)	   1.00 (4/4)         1.00

>>>>>>>>>>>>>>>>>>>>>>>>>>>>>>>>>>>>>>>>>>>>>>>>>>>>>>>>>>>>>>>>>>>>>>

      ANSWER KEY 

ID:             DEV-MUC3-0023
INCIDENT:       ROBBERY
WEAPON:         -
PERP_INDIV:     16 SUSPECTS
PERP_ORG:       MRTA
                SHINING PATH
TARGET:         -
VICTIM:         -

      SYSTEM OUTPUT 

ID:             DEV-MUC3-0023
INCIDENT:       ROBBERY
WEAPON:         -
PERP_INDIV:     16 SUSPECTS
PERP_ORG:       MRTA
                SHINING PATH
TARGET:         -
VICTIM:         -

     SCORES for DEV-MUC3-0023

                RECALL             PRECISION          F-MEASURE
Incident        1.00 (1/1)	   1.00 (1/1)         1.00
Weapons         0.00 (0/0)	   0.00 (0/0)         0.00
Perp_Ind        1.00 (1/1)	   1.00 (1/1)         1.00
Perp_Org        1.00 (2/2)	   1.00 (2/2)         1.00
Targets         0.00 (0/0)	   0.00 (0/0)         0.00
Victims         0.00 (0/0)	   0.00 (0/0)         0.00
--------        --------------     --------------     ----
TOTAL           1.00 (4/4)	   1.00 (4/4)         1.00

>>>>>>>>>>>>>>>>>>>>>>>>>>>>>>>>>>>>>>>>>>>>>>>>>>>>>>>>>>>>>>>>>>>>>>

      ANSWER KEY 

ID:             DEV-MUC3-0025
INCIDENT:       KIDNAPPING
WEAPON:         -
PERP_INDIV:     MEN
PERP_ORG:       -
TARGET:         -
VICTIM:         WE

      SYSTEM OUTPUT 

ID:             DEV-MUC3-0025
INCIDENT:       KIDNAPPING
WEAPON:         -
PERP_INDIV:     MEN
PERP_ORG:       -
TARGET:         -
VICTIM:         WE

     SCORES for DEV-MUC3-0025

                RECALL             PRECISION          F-MEASURE
Incident        1.00 (1/1)	   1.00 (1/1)         1.00
Weapons         0.00 (0/0)	   0.00 (0/0)         0.00
Perp_Ind        1.00 (1/1)	   1.00 (1/1)         1.00
Perp_Org        0.00 (0/0)	   0.00 (0/0)         0.00
Targets         0.00 (0/0)	   0.00 (0/0)         0.00
Victims         1.00 (1/1)	   1.00 (1/1)         1.00
--------        --------------     --------------     ----
TOTAL           1.00 (3/3)	   1.00 (3/3)         1.00

>>>>>>>>>>>>>>>>>>>>>>>>>>>>>>>>>>>>>>>>>>>>>>>>>>>>>>>>>>>>>>>>>>>>>>


     SCORES for ALL Templates

                RECALL             PRECISION          F-MEASURE
Incident        1.00 (5/5)	   1.00 (5/5)         1.00
Weapons         1.00 (3/3)	   1.00 (3/3)         1.00
Perp_Ind        1.00 (3/3)	   1.00 (3/3)         1.00
Perp_Org        1.00 (2/2)	   1.00 (2/2)         1.00
Targets         1.00 (2/2)	   1.00 (2/2)         1.00
Victims         1.00 (3/3)	   1.00 (3/3)         1.00
--------        --------------     --------------     ----
TOTAL           1.00 (18/18)	   1.00 (18/18)       1.00
